{"$message_type":"diagnostic","message":"failed to resolve: use of undeclared type `Uniform`","code":{"code":"E0433","explanation":"An undeclared crate, module, or type was used.\n\nErroneous code example:\n\n```compile_fail,E0433\nlet map = HashMap::new();\n// error: failed to resolve: use of undeclared type `HashMap`\n```\n\nPlease verify you didn't misspell the type/module's name or that you didn't\nforget to import it:\n\n```\nuse std::collections::HashMap; // HashMap has been imported.\nlet map: HashMap<u32, u32> = HashMap::new(); // So it can be used!\n```\n\nIf you've expected to use a crate name:\n\n```compile_fail\nuse ferris_wheel::BigO;\n// error: failed to resolve: use of undeclared module or unlinked crate\n```\n\nMake sure the crate has been added as a dependency in `Cargo.toml`.\n\nTo use a module from your current crate, add the `crate::` prefix to the path.\n"},"level":"error","spans":[{"file_name":"src/main.rs","byte_start":9927,"byte_end":9934,"line_start":355,"line_end":355,"column_start":16,"column_end":23,"is_primary":true,"text":[{"text":"    let dist = Uniform::new_inclusive(b'a', b'z').expect(\"invalid range\");","highlight_start":16,"highlight_end":23}],"label":"use of undeclared type `Uniform`","suggested_replacement":null,"suggestion_applicability":null,"expansion":null}],"children":[{"message":"consider importing this struct","code":null,"level":"help","spans":[{"file_name":"src/main.rs","byte_start":0,"byte_end":0,"line_start":1,"line_end":1,"column_start":1,"column_end":1,"is_primary":true,"text":[],"label":null,"suggested_replacement":"use rand::distr::Uniform;\n","suggestion_applicability":"MaybeIncorrect","expansion":null}],"children":[],"rendered":null}],"rendered":"\u001b[1m\u001b[91merror[E0433]\u001b[0m\u001b[1m: failed to resolve: use of undeclared type `Uniform`\u001b[0m\n   \u001b[1m\u001b[94m--> \u001b[0msrc/main.rs:355:16\n    \u001b[1m\u001b[94m|\u001b[0m\n\u001b[1m\u001b[94m355\u001b[0m \u001b[1m\u001b[94m|\u001b[0m     let dist = Uniform::new_inclusive(b'a', b'z').expect(\"invalid range\");\n    \u001b[1m\u001b[94m|\u001b[0m                \u001b[1m\u001b[91m^^^^^^^\u001b[0m \u001b[1m\u001b[91muse of undeclared type `Uniform`\u001b[0m\n    \u001b[1m\u001b[94m|\u001b[0m\n\u001b[1m\u001b[96mhelp\u001b[0m: consider importing this struct\n    \u001b[1m\u001b[94m|\u001b[0m\n  \u001b[1m\u001b[94m1\u001b[0m \u001b[92m+ use rand::distr::Uniform;\u001b[0m\n    \u001b[1m\u001b[94m|\u001b[0m\n\n"}
{"$message_type":"diagnostic","message":"no method named `sample` found for struct `ThreadRng` in the current scope","code":{"code":"E0599","explanation":"This error occurs when a method is used on a type which doesn't implement it:\n\nErroneous code example:\n\n```compile_fail,E0599\nstruct Mouth;\n\nlet x = Mouth;\nx.chocolate(); // error: no method named `chocolate` found for type `Mouth`\n               //        in the current scope\n```\n\nIn this case, you need to implement the `chocolate` method to fix the error:\n\n```\nstruct Mouth;\n\nimpl Mouth {\n    fn chocolate(&self) { // We implement the `chocolate` method here.\n        println!(\"Hmmm! I love chocolate!\");\n    }\n}\n\nlet x = Mouth;\nx.chocolate(); // ok!\n```\n"},"level":"error","spans":[{"file_name":"/home/fabien/.cargo/registry/src/index.crates.io-1949cf8c6b5b557f/rand-0.9.2/src/rng.rs","byte_start":8051,"byte_end":8057,"line_start":249,"line_end":249,"column_start":8,"column_end":14,"is_primary":false,"text":[{"text":"    fn sample<T, D: Distribution<T>>(&mut self, distr: D) -> T {","highlight_start":8,"highlight_end":14}],"label":"the method is available for `ThreadRng` here","suggested_replacement":null,"suggestion_applicability":null,"expansion":null},{"file_name":"src/main.rs","byte_start":10088,"byte_end":10094,"line_start":360,"line_end":360,"column_start":18,"column_end":24,"is_primary":true,"text":[{"text":"        *c = rng.sample(dist);","highlight_start":18,"highlight_end":24}],"label":null,"suggested_replacement":null,"suggestion_applicability":null,"expansion":null}],"children":[{"message":"items from traits can only be used if the trait is in scope","code":null,"level":"help","spans":[],"children":[],"rendered":null},{"message":"trait `Rng` which provides `sample` is implemented but not in scope; perhaps you want to import it","code":null,"level":"help","spans":[{"file_name":"src/main.rs","byte_start":0,"byte_end":0,"line_start":1,"line_end":1,"column_start":1,"column_end":1,"is_primary":true,"text":[],"label":null,"suggested_replacement":"use rand::Rng;\n","suggestion_applicability":"MaybeIncorrect","expansion":null}],"children":[],"rendered":null},{"message":"there is a method `sample_iter` with a similar name","code":null,"level":"help","spans":[{"file_name":"src/main.rs","byte_start":10088,"byte_end":10094,"line_start":360,"line_end":360,"column_start":18,"column_end":24,"is_primary":true,"text":[{"text":"        *c = rng.sample(dist);","highlight_start":18,"highlight_end":24}],"label":null,"suggested_replacement":"sample_iter","suggestion_applicability":"MaybeIncorrect","expansion":null}],"children":[],"rendered":null}],"rendered":"\u001b[1m\u001b[91merror[E0599]\u001b[0m\u001b[1m: no method named `sample` found for struct `ThreadRng` in the current scope\u001b[0m\n   \u001b[1m\u001b[94m--> \u001b[0msrc/main.rs:360:18\n    \u001b[1m\u001b[94m|\u001b[0m\n\u001b[1m\u001b[94m360\u001b[0m \u001b[1m\u001b[94m|\u001b[0m         *c = rng.sample(dist);\n    \u001b[1m\u001b[94m|\u001b[0m                  \u001b[1m\u001b[91m^^^^^^\u001b[0m\n    \u001b[1m\u001b[94m|\u001b[0m\n   \u001b[1m\u001b[94m::: \u001b[0m/home/fabien/.cargo/registry/src/index.crates.io-1949cf8c6b5b557f/rand-0.9.2/src/rng.rs:249:8\n    \u001b[1m\u001b[94m|\u001b[0m\n\u001b[1m\u001b[94m249\u001b[0m \u001b[1m\u001b[94m|\u001b[0m     fn sample<T, D: Distribution<T>>(&mut self, distr: D) -> T {\n    \u001b[1m\u001b[94m|\u001b[0m        \u001b[1m\u001b[94m------\u001b[0m \u001b[1m\u001b[94mthe method is available for `ThreadRng` here\u001b[0m\n    \u001b[1m\u001b[94m|\u001b[0m\n    \u001b[1m\u001b[94m= \u001b[0m\u001b[1mhelp\u001b[0m: items from traits can only be used if the trait is in scope\n\u001b[1m\u001b[96mhelp\u001b[0m: trait `Rng` which provides `sample` is implemented but not in scope; perhaps you want to import it\n    \u001b[1m\u001b[94m|\u001b[0m\n  \u001b[1m\u001b[94m1\u001b[0m \u001b[92m+ use rand::Rng;\u001b[0m\n    \u001b[1m\u001b[94m|\u001b[0m\n\u001b[1m\u001b[96mhelp\u001b[0m: there is a method `sample_iter` with a similar name\n    \u001b[1m\u001b[94m|\u001b[0m\n\u001b[1m\u001b[94m360\u001b[0m \u001b[1m\u001b[94m| \u001b[0m        *c = rng.sample\u001b[92m_iter\u001b[0m(dist);\n    \u001b[1m\u001b[94m|\u001b[0m                        \u001b[92m+++++\u001b[0m\n\n"}
{"$message_type":"diagnostic","message":"aborting due to 2 previous errors","code":null,"level":"error","spans":[],"children":[],"rendered":"\u001b[1m\u001b[91merror\u001b[0m\u001b[1m: aborting due to 2 previous errors\u001b[0m\n\n"}
{"$message_type":"diagnostic","message":"Some errors have detailed explanations: E0433, E0599.","code":null,"level":"failure-note","spans":[],"children":[],"rendered":"\u001b[1mSome errors have detailed explanations: E0433, E0599.\u001b[0m\n"}
{"$message_type":"diagnostic","message":"For more information about an error, try `rustc --explain E0433`.","code":null,"level":"failure-note","spans":[],"children":[],"rendered":"\u001b[1mFor more information about an error, try `rustc --explain E0433`.\u001b[0m\n"}
